<?xml version="1.0" encoding="UTF-8"?>
<testng-results ignored="0" total="1" passed="1" failed="0" skipped="0">
  <reporter-output>
    <line>
      <![CDATA[reading value of url from property file]]>
    </line>
    <line>
      <![CDATA[Launching browser]]>
    </line>
    <line>
      <![CDATA[waiting for 1000milis]]>
    </line>
    <line>
      <![CDATA[reading value of mobileNum from property file]]>
    </line>
    <line>
      <![CDATA[reading value of password from property file]]>
    </line>
    <line>
      <![CDATA[AC balance is Rs.5,00,000.00]]>
    </line>
    <line>
      <![CDATA[waiting for 1000milis]]>
    </line>
    <line>
      <![CDATA[closing browser]]>
    </line>
  </reporter-output>
  <suite started-at="2022-12-02T19:23:09 IST" name="Default suite" finished-at="2022-12-02T19:23:35 IST" duration-ms="25674">
    <groups>
    </groups>
    <test started-at="2022-12-02T19:23:09 IST" name="Default test" finished-at="2022-12-02T19:23:35 IST" duration-ms="25674">
      <class name="neoStoxTestPackage.TestClassForFunds">
        <test-method is-config="true" signature="neoStoxLaunching()[pri:0, instance:neoStoxTestPackage.TestClassForFunds@741a8937]" started-at="2022-12-02T19:23:09 IST" name="neoStoxLaunching" finished-at="2022-12-02T19:23:17 IST" duration-ms="7623" status="PASS">
          <reporter-output>
            <line>
              <![CDATA[reading value of url from property file]]>
            </line>
            <line>
              <![CDATA[Launching browser]]>
            </line>
            <line>
              <![CDATA[waiting for 1000milis]]>
            </line>
          </reporter-output>
        </test-method> <!-- neoStoxLaunching -->
        <test-method is-config="true" signature="logInToNeoStox()[pri:0, instance:neoStoxTestPackage.TestClassForFunds@741a8937]" started-at="2022-12-02T19:23:17 IST" name="logInToNeoStox" finished-at="2022-12-02T19:23:34 IST" duration-ms="17025" status="PASS">
          <reporter-output>
            <line>
              <![CDATA[reading value of mobileNum from property file]]>
            </line>
            <line>
              <![CDATA[reading value of password from property file]]>
            </line>
          </reporter-output>
        </test-method> <!-- logInToNeoStox -->
        <test-method signature="ValidateFunds()[pri:0, instance:neoStoxTestPackage.TestClassForFunds@741a8937]" started-at="2022-12-02T19:23:34 IST" name="ValidateFunds" finished-at="2022-12-02T19:23:34 IST" duration-ms="61" status="PASS">
          <reporter-output>
            <line>
              <![CDATA[AC balance is Rs.5,00,000.00]]>
            </line>
          </reporter-output>
        </test-method> <!-- ValidateFunds -->
        <test-method is-config="true" signature="logOut()[pri:0, instance:neoStoxTestPackage.TestClassForFunds@741a8937]" started-at="2022-12-02T19:23:34 IST" name="logOut" finished-at="2022-12-02T19:23:34 IST" duration-ms="153" status="PASS">
          <reporter-output>
            <line>
              <![CDATA[waiting for 1000milis]]>
            </line>
          </reporter-output>
        </test-method> <!-- logOut -->
        <test-method is-config="true" signature="closeBrouser()[pri:0, instance:neoStoxTestPackage.TestClassForFunds@741a8937]" started-at="2022-12-02T19:23:34 IST" name="closeBrouser" finished-at="2022-12-02T19:23:35 IST" duration-ms="744" status="PASS">
          <reporter-output>
            <line>
              <![CDATA[closing browser]]>
            </line>
          </reporter-output>
        </test-method> <!-- closeBrouser -->
      </class> <!-- neoStoxTestPackage.TestClassForFunds -->
    </test> <!-- Default test -->
  </suite> <!-- Default suite -->
</testng-results>
